<?xml version="1.0" encoding="UTF-8"?>
<!-- Generated by org.testng.reporters.JUnitXMLReporter -->
<testsuite hostname="DESKTOP-0CPI2F2" ignored="0" name="Command line test" tests="2" failures="0" timestamp="2022-07-13T13:51:33 YEKT" time="121.333" errors="0">
  <testcase name="runScenario" time="61.721" classname="io.cucumber.testng.AbstractTestNGCucumberTests"/>
  <testcase name="runScenario" time="57.925" classname="io.cucumber.testng.AbstractTestNGCucumberTests"/>
</testsuite> <!-- Command line test -->
