<?xml version="1.0" encoding="UTF-8"?>
<testng-results skipped="0" failed="0" ignored="0" total="2" passed="2">
  <reporter-output>
  </reporter-output>
  <suite name="Command line suite" duration-ms="121333" started-at="2022-07-13T13:49:31 YEKT" finished-at="2022-07-13T13:51:33 YEKT">
    <groups>
      <group name="cucumber">
        <method signature="AbstractTestNGCucumberTests.runScenario(io.cucumber.testng.PickleWrapper,io.cucumber.testng.FeatureWrapper)[pri:0, instance:cucumber.TestRunnerTestNg@38bc8ab5]" name="runScenario" class="io.cucumber.testng.AbstractTestNGCucumberTests"/>
      </group> <!-- cucumber -->
    </groups>
    <test name="Command line test" duration-ms="121333" started-at="2022-07-13T13:49:31 YEKT" finished-at="2022-07-13T13:51:33 YEKT">
      <class name="cucumber.TestRunnerTestNg">
        <test-method status="PASS" signature="setUpClass(org.testng.ITestContext)[pri:0, instance:cucumber.TestRunnerTestNg@38bc8ab5]" name="setUpClass" is-config="true" duration-ms="604" started-at="2022-07-13T13:49:31 YEKT" finished-at="2022-07-13T13:49:32 YEKT">
          <params>
            <param index="0">
              <value>
                <![CDATA[org.testng.TestRunner@7418d76e]]>
              </value>
            </param>
          </params>
          <reporter-output>
          </reporter-output>
        </test-method> <!-- setUpClass -->
        <test-method status="PASS" signature="runScenario(io.cucumber.testng.PickleWrapper,io.cucumber.testng.FeatureWrapper)[pri:0, instance:cucumber.TestRunnerTestNg@38bc8ab5]" name="runScenario" duration-ms="61721" started-at="2022-07-13T13:49:32 YEKT" description="Runs Cucumber Scenarios" data-provider="scenarios" finished-at="2022-07-13T13:50:34 YEKT">
          <params>
            <param index="0">
              <value>
                <![CDATA["Validate selected item on checkout page"]]>
              </value>
            </param>
            <param index="1">
              <value>
                <![CDATA["Checkout page form"]]>
              </value>
            </param>
          </params>
          <reporter-output>
          </reporter-output>
        </test-method> <!-- runScenario -->
        <test-method status="PASS" signature="runScenario(io.cucumber.testng.PickleWrapper,io.cucumber.testng.FeatureWrapper)[pri:0, instance:cucumber.TestRunnerTestNg@38bc8ab5]" name="runScenario" duration-ms="57925" started-at="2022-07-13T13:50:34 YEKT" description="Runs Cucumber Scenarios" data-provider="scenarios" finished-at="2022-07-13T13:51:32 YEKT">
          <params>
            <param index="0">
              <value>
                <![CDATA["Validate the total amount of selected products matching on checkout page"]]>
              </value>
            </param>
            <param index="1">
              <value>
                <![CDATA["Checkout page form"]]>
              </value>
            </param>
          </params>
          <reporter-output>
          </reporter-output>
        </test-method> <!-- runScenario -->
        <test-method status="PASS" signature="tearDownClass()[pri:0, instance:cucumber.TestRunnerTestNg@38bc8ab5]" name="tearDownClass" is-config="true" duration-ms="1062" started-at="2022-07-13T13:51:32 YEKT" finished-at="2022-07-13T13:51:33 YEKT">
          <reporter-output>
          </reporter-output>
        </test-method> <!-- tearDownClass -->
      </class> <!-- cucumber.TestRunnerTestNg -->
    </test> <!-- Command line test -->
  </suite> <!-- Command line suite -->
</testng-results>
